2025-06-06 12:56:37 - INFO - Starting download from 1981 to 2001
2025-06-06 12:58:23 - INFO - Starting download from 1981 to 2001
2025-06-06 12:58:23 - INFO - Download year 1981
2025-06-06 13:22:03 - INFO - Saved: ./data/chirps_v2_p05\chirps-v2.0.1981.days_p05.nc
2025-06-06 13:22:03 - INFO - Download year 1982
2025-06-06 13:23:39 - ERROR - Error downloading chirps-v2.0.1982.days_p05.nc: ('Connection broken: IncompleteRead(202997486 bytes read, 914744744 more expected)', IncompleteRead(202997486 bytes read, 914744744 more expected))
2025-06-06 13:23:39 - INFO - Download year 1983
2025-06-06 13:25:22 - ERROR - Error downloading chirps-v2.0.1983.days_p05.nc: HTTPSConnectionPool(host='data.chc.ucsb.edu', port=443): Read timed out.
2025-06-06 13:25:22 - INFO - Download year 1984
2025-06-06 13:33:43 - INFO - Saved: ./data/chirps_v2_p05\chirps-v2.0.1984.days_p05.nc
2025-06-06 13:33:43 - INFO - Download year 1985
2025-06-06 13:37:17 - INFO - Saved: ./data/chirps_v2_p05\chirps-v2.0.1985.days_p05.nc
2025-06-06 13:37:17 - INFO - Download year 1986
2025-06-06 13:39:02 - INFO - Saved: ./data/chirps_v2_p05\chirps-v2.0.1986.days_p05.nc
2025-06-06 13:39:02 - INFO - Download year 1987
2025-06-06 13:54:41 - INFO - Saved: ./data/chirps_v2_p05\chirps-v2.0.1987.days_p05.nc
2025-06-06 13:54:41 - INFO - Download year 1988
2025-06-06 13:59:51 - INFO - Saved: ./data/chirps_v2_p05\chirps-v2.0.1988.days_p05.nc
2025-06-06 13:59:51 - INFO - Download year 1989
2025-06-06 14:01:53 - INFO - Saved: ./data/chirps_v2_p05\chirps-v2.0.1989.days_p05.nc
2025-06-06 14:01:53 - INFO - Download year 1990
2025-06-06 14:03:34 - INFO - Saved: ./data/chirps_v2_p05\chirps-v2.0.1990.days_p05.nc
2025-06-06 14:03:34 - INFO - Download year 1991
2025-06-06 14:11:31 - ERROR - Error downloading chirps-v2.0.1991.days_p05.nc: ('Connection broken: IncompleteRead(552173294 bytes read, 496237743 more expected)', IncompleteRead(552173294 bytes read, 496237743 more expected))
2025-06-06 14:11:31 - INFO - Download year 1992
2025-06-06 14:14:00 - INFO - Saved: ./data/chirps_v2_p05\chirps-v2.0.1992.days_p05.nc
2025-06-06 14:14:00 - INFO - Download year 1993
2025-06-06 14:16:19 - INFO - Saved: ./data/chirps_v2_p05\chirps-v2.0.1993.days_p05.nc
2025-06-06 14:16:19 - INFO - Download year 1994
2025-06-06 14:18:19 - INFO - Saved: ./data/chirps_v2_p05\chirps-v2.0.1994.days_p05.nc
2025-06-06 14:18:19 - INFO - Download year 1995
2025-06-06 14:20:04 - INFO - Saved: ./data/chirps_v2_p05\chirps-v2.0.1995.days_p05.nc
2025-06-06 14:20:04 - INFO - Download year 1996
2025-06-06 14:21:56 - INFO - Saved: ./data/chirps_v2_p05\chirps-v2.0.1996.days_p05.nc
2025-06-06 14:21:56 - INFO - Download year 1997
2025-06-06 15:26:28 - INFO - Saved: ./data/chirps_v2_p05\chirps-v2.0.1997.days_p05.nc
2025-06-06 15:26:28 - INFO - Download year 1998
2025-06-06 15:28:25 - INFO - Saved: ./data/chirps_v2_p05\chirps-v2.0.1998.days_p05.nc
2025-06-06 15:28:25 - INFO - Download year 1999
2025-06-06 15:30:21 - INFO - Saved: ./data/chirps_v2_p05\chirps-v2.0.1999.days_p05.nc
2025-06-06 15:30:21 - INFO - Download year 2000
2025-06-06 16:04:19 - INFO - Saved: ./data/chirps_v2_p05\chirps-v2.0.2000.days_p05.nc
2025-06-06 16:04:19 - INFO - Download year 2001
2025-06-06 16:06:17 - INFO - Saved: ./data/chirps_v2_p05\chirps-v2.0.2001.days_p05.nc
